<?xml version="1.0" encoding="UTF-8"?>
<!-- Generated by org.testng.reporters.JUnitReportReporter -->
<testsuite skipped="0" hostname="shashank-PC" name="CodeAcademy.HomePage" tests="2" failures="0" timestamp="19 Mar 2019 10:20:53 GMT" time="20.941" errors="0">
  <testcase name="basePageNavigation" time="10.747" classname="CodeAcademy.HomePage"/>
  <testcase name="basePageNavigation" time="10.194" classname="CodeAcademy.HomePage"/>
</testsuite> <!-- CodeAcademy.HomePage -->
