<?xml version="1.0" encoding="UTF-8"?>
<!-- Generated by org.testng.reporters.JUnitReportReporter -->
<testsuite skipped="0" hostname="shashank-PC" name="CodeAcademy.HomePage" tests="2" failures="0" timestamp="19 Mar 2019 22:45:21 GMT" time="21.701" errors="0">
  <testcase name="basePageNavigation" time="10.345" classname="CodeAcademy.HomePage"/>
  <testcase name="basePageNavigation" time="11.356" classname="CodeAcademy.HomePage"/>
</testsuite> <!-- CodeAcademy.HomePage -->
