<?xml version="1.0" encoding="UTF-8"?>
<!-- Generated by org.testng.reporters.JUnitReportReporter -->
<testsuite skipped="0" hostname="shashank-PC" name="CodeAcademy.TitleValidation" tests="1" failures="0" timestamp="19 Mar 2019 22:45:21 GMT" time="8.856" errors="0">
  <testcase name="errorMessageValidation" time="8.856" classname="CodeAcademy.TitleValidation"/>
</testsuite> <!-- CodeAcademy.TitleValidation -->
