<?xml version="1.0" encoding="UTF-8"?>
<!-- Generated by org.testng.reporters.JUnitReportReporter -->
<testsuite skipped="0" hostname="shashank-PC" name="CodeAcademy.HelpValidation" tests="1" failures="0" timestamp="19 Mar 2019 10:20:53 GMT" time="1.654" errors="0">
  <testcase name="helpButton" time="1.654" classname="CodeAcademy.HelpValidation"/>
</testsuite> <!-- CodeAcademy.HelpValidation -->
