<?xml version="1.0" encoding="UTF-8"?>
<!-- Generated by org.testng.reporters.JUnitReportReporter -->
<testsuite skipped="0" hostname="shashank-PC" name="CodeAcademy.HomePage" tests="2" failures="0" timestamp="19 Mar 2019 23:38:03 GMT" time="21.459" errors="0">
  <testcase name="basePageNavigation" time="11.199" classname="CodeAcademy.HomePage"/>
  <testcase name="basePageNavigation" time="10.260" classname="CodeAcademy.HomePage"/>
</testsuite> <!-- CodeAcademy.HomePage -->
