<?xml version="1.0" encoding="UTF-8"?>
<!-- Generated by org.testng.reporters.JUnitReportReporter -->
<testsuite skipped="0" hostname="shashank-PC" name="CodeAcademy.HelpValidation" tests="1" failures="0" timestamp="19 Mar 2019 10:22:39 GMT" time="2.263" errors="0">
  <testcase name="helpButton" time="2.263" classname="CodeAcademy.HelpValidation"/>
</testsuite> <!-- CodeAcademy.HelpValidation -->
