<?xml version="1.0" encoding="UTF-8"?>
<!-- Generated by org.testng.reporters.JUnitReportReporter -->
<testsuite skipped="0" hostname="shashank-PC" name="CodeAcademy.HelpValidation" tests="1" failures="0" timestamp="19 Mar 2019 22:55:39 GMT" time="1.540" errors="0">
  <testcase name="helpButtonValidation" time="1.540" classname="CodeAcademy.HelpValidation"/>
</testsuite> <!-- CodeAcademy.HelpValidation -->
