<?xml version="1.0" encoding="UTF-8"?>
<!-- Generated by org.testng.reporters.JUnitReportReporter -->
<testsuite skipped="0" hostname="shashank-PC" name="CodeAcademy.TitleValidation" tests="1" failures="0" timestamp="19 Mar 2019 22:55:39 GMT" time="9.235" errors="0">
  <testcase name="errorMessageValidation" time="9.235" classname="CodeAcademy.TitleValidation"/>
</testsuite> <!-- CodeAcademy.TitleValidation -->
