<?xml version="1.0" encoding="UTF-8"?>
<!-- Generated by org.testng.reporters.JUnitReportReporter -->
<testsuite skipped="0" hostname="shashank-PC" name="CodeAcademy.HomePage" tests="2" failures="0" timestamp="19 Mar 2019 10:22:39 GMT" time="20.696" errors="0">
  <testcase name="basePageNavigation" time="10.383" classname="CodeAcademy.HomePage"/>
  <testcase name="basePageNavigation" time="10.313" classname="CodeAcademy.HomePage"/>
</testsuite> <!-- CodeAcademy.HomePage -->
